C:\USERS\DAVID YU\DOCUMENTS\UABOT\SPARCRAFT\VISUALSTUDIO\RELEASE\PLAYER_KITER.OBJ
C:\USERS\DAVID YU\DOCUMENTS\UABOT\SPARCRAFT\VISUALSTUDIO\RELEASE\PLAYER_CLUSTER.OBJ
C:\USERS\DAVID YU\DOCUMENTS\UABOT\SPARCRAFT\VISUALSTUDIO\RELEASE\PLAYER_ATTACKWEAKEST.OBJ
C:\USERS\DAVID YU\DOCUMENTS\UABOT\SPARCRAFT\VISUALSTUDIO\RELEASE\PLAYER_ATTACKDPS.OBJ
C:\USERS\DAVID YU\DOCUMENTS\UABOT\SPARCRAFT\VISUALSTUDIO\RELEASE\PLAYER_ATTACKCLOSEST.OBJ
C:\USERS\DAVID YU\DOCUMENTS\UABOT\SPARCRAFT\VISUALSTUDIO\RELEASE\PLAYER_ALPHABETA.OBJ
C:\USERS\DAVID YU\DOCUMENTS\UABOT\SPARCRAFT\VISUALSTUDIO\RELEASE\PLAYERPROPERTIES.OBJ
C:\USERS\DAVID YU\DOCUMENTS\UABOT\SPARCRAFT\VISUALSTUDIO\RELEASE\PLAYER.OBJ
C:\USERS\DAVID YU\DOCUMENTS\UABOT\SPARCRAFT\VISUALSTUDIO\RELEASE\MOVEARRAY.OBJ
C:\USERS\DAVID YU\DOCUMENTS\UABOT\SPARCRAFT\VISUALSTUDIO\RELEASE\LOGGER.OBJ
C:\USERS\DAVID YU\DOCUMENTS\UABOT\SPARCRAFT\VISUALSTUDIO\RELEASE\HASH.OBJ
C:\USERS\DAVID YU\DOCUMENTS\UABOT\SPARCRAFT\VISUALSTUDIO\RELEASE\GLFONT.OBJ
C:\USERS\DAVID YU\DOCUMENTS\UABOT\SPARCRAFT\VISUALSTUDIO\RELEASE\GAMESTATE.OBJ
C:\USERS\DAVID YU\DOCUMENTS\UABOT\SPARCRAFT\VISUALSTUDIO\RELEASE\GAME.OBJ
C:\USERS\DAVID YU\DOCUMENTS\UABOT\SPARCRAFT\VISUALSTUDIO\RELEASE\ENUMDATA.OBJ
C:\USERS\DAVID YU\DOCUMENTS\UABOT\SPARCRAFT\VISUALSTUDIO\RELEASE\DISPLAY.OBJ
C:\USERS\DAVID YU\DOCUMENTS\UABOT\SPARCRAFT\VISUALSTUDIO\RELEASE\COMMON.OBJ
C:\USERS\DAVID YU\DOCUMENTS\UABOT\SPARCRAFT\VISUALSTUDIO\RELEASE\ANIMATIONFRAMEDATA.OBJ
C:\USERS\DAVID YU\DOCUMENTS\UABOT\SPARCRAFT\VISUALSTUDIO\RELEASE\ALPHABETASEARCH.OBJ
C:\USERS\DAVID YU\DOCUMENTS\UABOT\SPARCRAFT\VISUALSTUDIO\RELEASE\ALLPLAYERS.OBJ
C:\USERS\DAVID YU\DOCUMENTS\UABOT\SPARCRAFT\VISUALSTUDIO\RELEASE\WEAPONPROPERTIES.OBJ
C:\USERS\DAVID YU\DOCUMENTS\UABOT\SPARCRAFT\VISUALSTUDIO\RELEASE\UNITSCRIPTDATA.OBJ
C:\USERS\DAVID YU\DOCUMENTS\UABOT\SPARCRAFT\VISUALSTUDIO\RELEASE\UNITPROPERTIES.OBJ
C:\USERS\DAVID YU\DOCUMENTS\UABOT\SPARCRAFT\VISUALSTUDIO\RELEASE\UNIT.OBJ
C:\USERS\DAVID YU\DOCUMENTS\UABOT\SPARCRAFT\VISUALSTUDIO\RELEASE\UCTSEARCH.OBJ
C:\USERS\DAVID YU\DOCUMENTS\UABOT\SPARCRAFT\VISUALSTUDIO\RELEASE\TRANSPOSITIONTABLE.OBJ
C:\USERS\DAVID YU\DOCUMENTS\UABOT\SPARCRAFT\VISUALSTUDIO\RELEASE\TIMER.OBJ
C:\USERS\DAVID YU\DOCUMENTS\UABOT\SPARCRAFT\VISUALSTUDIO\RELEASE\SPARCRAFT.OBJ
C:\USERS\DAVID YU\DOCUMENTS\UABOT\SPARCRAFT\VISUALSTUDIO\RELEASE\PORTFOLIOGREEDYSEARCH.OBJ
C:\USERS\DAVID YU\DOCUMENTS\UABOT\SPARCRAFT\VISUALSTUDIO\RELEASE\PLAYER_UCT.OBJ
C:\USERS\DAVID YU\DOCUMENTS\UABOT\SPARCRAFT\VISUALSTUDIO\RELEASE\PLAYER_RANDOM.OBJ
C:\USERS\DAVID YU\DOCUMENTS\UABOT\SPARCRAFT\VISUALSTUDIO\RELEASE\PLAYER_PORTFOLIOGREEDYSEARCH.OBJ
C:\USERS\DAVID YU\DOCUMENTS\UABOT\SPARCRAFT\VISUALSTUDIO\RELEASE\PLAYER_NOKDPS.OBJ
C:\USERS\DAVID YU\DOCUMENTS\UABOT\SPARCRAFT\VISUALSTUDIO\RELEASE\PLAYER_KITER_NOKDPS.OBJ
C:\USERS\DAVID YU\DOCUMENTS\UABOT\SPARCRAFT\VISUALSTUDIO\RELEASE\PLAYER_KITERDPS.OBJ
C:\USERS\DAVID YU\DOCUMENTS\UABOT\SPARCRAFT\VISUALSTUDIO\RELEASE\VC90.PDB
C:\USERS\DAVID YU\DOCUMENTS\UABOT\UALBERTABOT\VISUALSTUDIO\RELEASE\SPARCRAFT.LIB
C:\Users\David Yu\Documents\UABot\SparCraft\VisualStudio\Release\AllPlayers.obj
C:\Users\David Yu\Documents\UABot\SparCraft\VisualStudio\Release\AlphaBetaSearch.obj
C:\Users\David Yu\Documents\UABot\SparCraft\VisualStudio\Release\AnimationFrameData.obj
C:\Users\David Yu\Documents\UABot\SparCraft\VisualStudio\Release\Common.obj
C:\Users\David Yu\Documents\UABot\SparCraft\VisualStudio\Release\Display.obj
C:\Users\David Yu\Documents\UABot\SparCraft\VisualStudio\Release\EnumData.obj
C:\Users\David Yu\Documents\UABot\SparCraft\VisualStudio\Release\Game.obj
C:\Users\David Yu\Documents\UABot\SparCraft\VisualStudio\Release\GameState.obj
C:\Users\David Yu\Documents\UABot\SparCraft\VisualStudio\Release\glfont.obj
C:\Users\David Yu\Documents\UABot\SparCraft\VisualStudio\Release\Hash.obj
C:\Users\David Yu\Documents\UABot\SparCraft\VisualStudio\Release\Logger.obj
C:\Users\David Yu\Documents\UABot\SparCraft\VisualStudio\Release\MoveArray.obj
C:\Users\David Yu\Documents\UABot\SparCraft\VisualStudio\Release\Player.obj
C:\Users\David Yu\Documents\UABot\SparCraft\VisualStudio\Release\PlayerProperties.obj
C:\Users\David Yu\Documents\UABot\SparCraft\VisualStudio\Release\Player_AlphaBeta.obj
C:\Users\David Yu\Documents\UABot\SparCraft\VisualStudio\Release\Player_AttackClosest.obj
C:\Users\David Yu\Documents\UABot\SparCraft\VisualStudio\Release\Player_AttackDPS.obj
C:\Users\David Yu\Documents\UABot\SparCraft\VisualStudio\Release\Player_AttackWeakest.obj
C:\Users\David Yu\Documents\UABot\SparCraft\VisualStudio\Release\Player_Cluster.obj
C:\Users\David Yu\Documents\UABot\SparCraft\VisualStudio\Release\Player_Kiter.obj
C:\Users\David Yu\Documents\UABot\SparCraft\VisualStudio\Release\Player_KiterDPS.obj
C:\Users\David Yu\Documents\UABot\SparCraft\VisualStudio\Release\Player_Kiter_NOKDPS.obj
C:\Users\David Yu\Documents\UABot\SparCraft\VisualStudio\Release\Player_NOKDPS.obj
C:\Users\David Yu\Documents\UABot\SparCraft\VisualStudio\Release\Player_PortfolioGreedySearch.obj
C:\Users\David Yu\Documents\UABot\SparCraft\VisualStudio\Release\Player_Random.obj
C:\Users\David Yu\Documents\UABot\SparCraft\VisualStudio\Release\Player_UCT.obj
C:\Users\David Yu\Documents\UABot\SparCraft\VisualStudio\Release\PortfolioGreedySearch.obj
C:\Users\David Yu\Documents\UABot\SparCraft\VisualStudio\Release\SparCraft.obj
C:\Users\David Yu\Documents\UABot\SparCraft\VisualStudio\Release\Timer.obj
C:\Users\David Yu\Documents\UABot\SparCraft\VisualStudio\Release\TranspositionTable.obj
C:\Users\David Yu\Documents\UABot\SparCraft\VisualStudio\Release\UCTSearch.obj
C:\Users\David Yu\Documents\UABot\SparCraft\VisualStudio\Release\Unit.obj
C:\Users\David Yu\Documents\UABot\SparCraft\VisualStudio\Release\UnitProperties.obj
C:\Users\David Yu\Documents\UABot\SparCraft\VisualStudio\Release\UnitScriptData.obj
C:\Users\David Yu\Documents\UABot\SparCraft\VisualStudio\Release\WeaponProperties.obj
C:\Users\David Yu\Documents\UABot\SparCraft\VisualStudio\Release\cl.command.1.tlog
C:\Users\David Yu\Documents\UABot\SparCraft\VisualStudio\Release\CL.read.1.tlog
C:\Users\David Yu\Documents\UABot\SparCraft\VisualStudio\Release\CL.write.1.tlog
C:\Users\David Yu\Documents\UABot\SparCraft\VisualStudio\Release\Lib-link.read.1.tlog
C:\Users\David Yu\Documents\UABot\SparCraft\VisualStudio\Release\Lib-link.write.1.tlog
C:\Users\David Yu\Documents\UABot\SparCraft\VisualStudio\Release\lib.command.1.tlog
C:\Users\David Yu\Documents\UABot\SparCraft\VisualStudio\Release\vc90.pdb
C:\Users\David Yu\Documents\UABot\UAlbertaBot\VisualStudio\Release\SparCraft.lib
