C:\USERS\DAVID YU\DOCUMENTS\UABOT\UALBERTABOT\VISUALSTUDIO\RELEASE\MAPGRID.OBJ
C:\USERS\DAVID YU\DOCUMENTS\UABOT\UALBERTABOT\VISUALSTUDIO\RELEASE\LOGGER.OBJ
C:\USERS\DAVID YU\DOCUMENTS\UABOT\UALBERTABOT\VISUALSTUDIO\RELEASE\INFORMATIONMANAGER.OBJ
C:\USERS\DAVID YU\DOCUMENTS\UABOT\UALBERTABOT\VISUALSTUDIO\RELEASE\HARDCODEDINFO.OBJ
C:\USERS\DAVID YU\DOCUMENTS\UABOT\UALBERTABOT\VISUALSTUDIO\RELEASE\GAMECOMMANDER.OBJ
C:\USERS\DAVID YU\DOCUMENTS\UABOT\UALBERTABOT\VISUALSTUDIO\RELEASE\DLL.OBJ
C:\USERS\DAVID YU\DOCUMENTS\UABOT\UALBERTABOT\VISUALSTUDIO\RELEASE\COMMON.OBJ
C:\USERS\DAVID YU\DOCUMENTS\UABOT\UALBERTABOT\VISUALSTUDIO\RELEASE\COMBATCOMMANDER.OBJ
C:\USERS\DAVID YU\DOCUMENTS\UABOT\UALBERTABOT\VISUALSTUDIO\RELEASE\WORKERMANAGER.OBJ
C:\USERS\DAVID YU\DOCUMENTS\UABOT\UALBERTABOT\VISUALSTUDIO\RELEASE\WORKERDATA.OBJ
C:\USERS\DAVID YU\DOCUMENTS\UABOT\UALBERTABOT\VISUALSTUDIO\RELEASE\STARCRAFTBUILDORDERSEARCHMANAGER.OBJ
C:\USERS\DAVID YU\DOCUMENTS\UABOT\UALBERTABOT\VISUALSTUDIO\RELEASE\PRODUCTIONMANAGER.OBJ
C:\USERS\DAVID YU\DOCUMENTS\UABOT\UALBERTABOT\VISUALSTUDIO\RELEASE\BUILDORDERQUEUE.OBJ
C:\USERS\DAVID YU\DOCUMENTS\UABOT\UALBERTABOT\VISUALSTUDIO\RELEASE\BUILDORDERGOALMANAGER.OBJ
C:\USERS\DAVID YU\DOCUMENTS\UABOT\UALBERTABOT\VISUALSTUDIO\RELEASE\BUILDINGPLACER.OBJ
C:\USERS\DAVID YU\DOCUMENTS\UABOT\UALBERTABOT\VISUALSTUDIO\RELEASE\BUILDINGMANAGER.OBJ
C:\USERS\DAVID YU\DOCUMENTS\UABOT\UALBERTABOT\VISUALSTUDIO\RELEASE\BUILDINGDATA.OBJ
C:\USERS\DAVID YU\DOCUMENTS\UABOT\UALBERTABOT\VISUALSTUDIO\RELEASE\MICROSEARCHMANAGER.OBJ
C:\USERS\DAVID YU\DOCUMENTS\UABOT\UALBERTABOT\VISUALSTUDIO\RELEASE\COMBATSIMULATION.OBJ
C:\USERS\DAVID YU\DOCUMENTS\UABOT\UALBERTABOT\VISUALSTUDIO\RELEASE\BUILDLEARNER.OBJ
C:\USERS\DAVID YU\DOCUMENTS\UABOT\UALBERTABOT\VISUALSTUDIO\RELEASE\VISUALIZER.OBJ
C:\USERS\DAVID YU\DOCUMENTS\UABOT\UALBERTABOT\VISUALSTUDIO\RELEASE\UNITDATA.OBJ
C:\USERS\DAVID YU\DOCUMENTS\UABOT\UALBERTABOT\VISUALSTUDIO\RELEASE\UNITCOMMANDMANAGER.OBJ
C:\USERS\DAVID YU\DOCUMENTS\UABOT\UALBERTABOT\VISUALSTUDIO\RELEASE\UNITCOMMANDDATA.OBJ
C:\USERS\DAVID YU\DOCUMENTS\UABOT\UALBERTABOT\VISUALSTUDIO\RELEASE\UALBERTABOTMODULE.OBJ
C:\USERS\DAVID YU\DOCUMENTS\UABOT\UALBERTABOT\VISUALSTUDIO\RELEASE\STRATEGYMANAGER.OBJ
C:\USERS\DAVID YU\DOCUMENTS\UABOT\UALBERTABOT\VISUALSTUDIO\RELEASE\SQUADDATA.OBJ
C:\USERS\DAVID YU\DOCUMENTS\UABOT\UALBERTABOT\VISUALSTUDIO\RELEASE\SQUAD.OBJ
C:\USERS\DAVID YU\DOCUMENTS\UABOT\UALBERTABOT\VISUALSTUDIO\RELEASE\SCOUTMANAGER.OBJ
C:\USERS\DAVID YU\DOCUMENTS\UABOT\UALBERTABOT\VISUALSTUDIO\RELEASE\REPLAYVISUALIZER.OBJ
C:\USERS\DAVID YU\DOCUMENTS\UABOT\UALBERTABOT\VISUALSTUDIO\RELEASE\OPTIONS.OBJ
C:\USERS\DAVID YU\DOCUMENTS\UABOT\UALBERTABOT\VISUALSTUDIO\RELEASE\TRANSPORTMANAGER.OBJ
C:\USERS\DAVID YU\DOCUMENTS\UABOT\UALBERTABOT\VISUALSTUDIO\RELEASE\RANGEDMANAGER.OBJ
C:\USERS\DAVID YU\DOCUMENTS\UABOT\UALBERTABOT\VISUALSTUDIO\RELEASE\OBSERVERMANAGER.OBJ
C:\USERS\DAVID YU\DOCUMENTS\UABOT\UALBERTABOT\VISUALSTUDIO\RELEASE\MICROUTIL.OBJ
C:\USERS\DAVID YU\DOCUMENTS\UABOT\UALBERTABOT\VISUALSTUDIO\RELEASE\MICROMANAGER.OBJ
C:\USERS\DAVID YU\DOCUMENTS\UABOT\UALBERTABOT\VISUALSTUDIO\RELEASE\MELEEMANAGER.OBJ
C:\USERS\DAVID YU\DOCUMENTS\UABOT\UALBERTABOT\VISUALSTUDIO\RELEASE\DETECTORMANAGER.OBJ
C:\USERS\DAVID YU\DOCUMENTS\UABOT\UALBERTABOT\VISUALSTUDIO\RELEASE\MAPTOOLS.OBJ
C:\USERS\DAVID YU\DOCUMENTS\UABOT\UALBERTABOT\VISUALSTUDIO\RELEASE\VC90.PDB
C:\USERS\DAVID YU\DOCUMENTS\UABOT\UALBERTABOT\VISUALSTUDIO\RELEASE\UALBERTABOT.DLL
C:\USERS\DAVID YU\DOCUMENTS\UABOT\UALBERTABOT\VISUALSTUDIO\RELEASE\UALBERTABOT.MAP
C:\USERS\DAVID YU\DOCUMENTS\UABOT\UALBERTABOT\VISUALSTUDIO\RELEASE\UALBERTABOT.DLL.INTERMEDIATE.MANIFEST
C:\USERS\DAVID YU\DOCUMENTS\UABOT\UALBERTABOT\VISUALSTUDIO\RELEASE\UALBERTABOT.PDB
C:\Users\David Yu\Documents\UABot\UAlbertaBot\VisualStudio\Release\UAlbertaBot.lib
C:\Users\David Yu\Documents\UABot\UAlbertaBot\VisualStudio\Release\UAlbertaBot.exp
C:\Users\David Yu\Documents\UABot\UAlbertaBot\VisualStudio\Release\BuildingData.obj
C:\Users\David Yu\Documents\UABot\UAlbertaBot\VisualStudio\Release\BuildingManager.obj
C:\Users\David Yu\Documents\UABot\UAlbertaBot\VisualStudio\Release\BuildingPlacer.obj
C:\Users\David Yu\Documents\UABot\UAlbertaBot\VisualStudio\Release\BuildLearner.obj
C:\Users\David Yu\Documents\UABot\UAlbertaBot\VisualStudio\Release\BuildOrderGoalManager.obj
C:\Users\David Yu\Documents\UABot\UAlbertaBot\VisualStudio\Release\BuildOrderQueue.obj
C:\Users\David Yu\Documents\UABot\UAlbertaBot\VisualStudio\Release\CombatCommander.obj
C:\Users\David Yu\Documents\UABot\UAlbertaBot\VisualStudio\Release\CombatSimulation.obj
C:\Users\David Yu\Documents\UABot\UAlbertaBot\VisualStudio\Release\Common.obj
C:\Users\David Yu\Documents\UABot\UAlbertaBot\VisualStudio\Release\DetectorManager.obj
C:\Users\David Yu\Documents\UABot\UAlbertaBot\VisualStudio\Release\Dll.obj
C:\Users\David Yu\Documents\UABot\UAlbertaBot\VisualStudio\Release\GameCommander.obj
C:\Users\David Yu\Documents\UABot\UAlbertaBot\VisualStudio\Release\HardCodedInfo.obj
C:\Users\David Yu\Documents\UABot\UAlbertaBot\VisualStudio\Release\InformationManager.obj
C:\Users\David Yu\Documents\UABot\UAlbertaBot\VisualStudio\Release\Logger.obj
C:\Users\David Yu\Documents\UABot\UAlbertaBot\VisualStudio\Release\MapGrid.obj
C:\Users\David Yu\Documents\UABot\UAlbertaBot\VisualStudio\Release\MapTools.obj
C:\Users\David Yu\Documents\UABot\UAlbertaBot\VisualStudio\Release\MeleeManager.obj
C:\Users\David Yu\Documents\UABot\UAlbertaBot\VisualStudio\Release\MicroManager.obj
C:\Users\David Yu\Documents\UABot\UAlbertaBot\VisualStudio\Release\MicroSearchManager.obj
C:\Users\David Yu\Documents\UABot\UAlbertaBot\VisualStudio\Release\MicroUtil.obj
C:\Users\David Yu\Documents\UABot\UAlbertaBot\VisualStudio\Release\ObserverManager.obj
C:\Users\David Yu\Documents\UABot\UAlbertaBot\VisualStudio\Release\Options.obj
C:\Users\David Yu\Documents\UABot\UAlbertaBot\VisualStudio\Release\ProductionManager.obj
C:\Users\David Yu\Documents\UABot\UAlbertaBot\VisualStudio\Release\RangedManager.obj
C:\Users\David Yu\Documents\UABot\UAlbertaBot\VisualStudio\Release\ReplayVisualizer.obj
C:\Users\David Yu\Documents\UABot\UAlbertaBot\VisualStudio\Release\ScoutManager.obj
C:\Users\David Yu\Documents\UABot\UAlbertaBot\VisualStudio\Release\Squad.obj
C:\Users\David Yu\Documents\UABot\UAlbertaBot\VisualStudio\Release\SquadData.obj
C:\Users\David Yu\Documents\UABot\UAlbertaBot\VisualStudio\Release\StarcraftBuildOrderSearchManager.obj
C:\Users\David Yu\Documents\UABot\UAlbertaBot\VisualStudio\Release\StrategyManager.obj
C:\Users\David Yu\Documents\UABot\UAlbertaBot\VisualStudio\Release\TransportManager.obj
C:\Users\David Yu\Documents\UABot\UAlbertaBot\VisualStudio\Release\UAlbertaBotModule.obj
C:\Users\David Yu\Documents\UABot\UAlbertaBot\VisualStudio\Release\UnitCommandData.obj
C:\Users\David Yu\Documents\UABot\UAlbertaBot\VisualStudio\Release\UnitCommandManager.obj
C:\Users\David Yu\Documents\UABot\UAlbertaBot\VisualStudio\Release\UnitData.obj
C:\Users\David Yu\Documents\UABot\UAlbertaBot\VisualStudio\Release\Visualizer.obj
C:\Users\David Yu\Documents\UABot\UAlbertaBot\VisualStudio\Release\WorkerData.obj
C:\Users\David Yu\Documents\UABot\UAlbertaBot\VisualStudio\Release\WorkerManager.obj
C:\Users\David Yu\Documents\UABot\UAlbertaBot\VisualStudio\Release\cl.command.1.tlog
C:\Users\David Yu\Documents\UABot\UAlbertaBot\VisualStudio\Release\CL.read.1.tlog
C:\Users\David Yu\Documents\UABot\UAlbertaBot\VisualStudio\Release\CL.write.1.tlog
C:\Users\David Yu\Documents\UABot\UAlbertaBot\VisualStudio\Release\link.command.1.tlog
C:\Users\David Yu\Documents\UABot\UAlbertaBot\VisualStudio\Release\link.read.1.tlog
C:\Users\David Yu\Documents\UABot\UAlbertaBot\VisualStudio\Release\link.write.1.tlog
C:\Users\David Yu\Documents\UABot\UAlbertaBot\VisualStudio\Release\mt.command.1.tlog
C:\Users\David Yu\Documents\UABot\UAlbertaBot\VisualStudio\Release\mt.read.1.tlog
C:\Users\David Yu\Documents\UABot\UAlbertaBot\VisualStudio\Release\mt.write.1.tlog
C:\Users\David Yu\Documents\UABot\UAlbertaBot\VisualStudio\Release\NativeCodeAnalysis.read.1.tlog
C:\Users\David Yu\Documents\UABot\UAlbertaBot\VisualStudio\Release\UAlbertaBot.write.1.tlog
C:\Users\David Yu\Documents\UABot\UAlbertaBot\VisualStudio\Release\UAlbertaBot.dll.intermediate.manifest
C:\Users\David Yu\Documents\UABot\UAlbertaBot\VisualStudio\Release\UAlbertaBot.pdb
C:\Users\David Yu\Documents\UABot\UAlbertaBot\VisualStudio\Release\vc90.pdb
C:\Users\David Yu\Documents\UABot\UAlbertaBot\VisualStudio\Release\vc.nativecodeanalysis.all.xml
C:\Users\David Yu\Documents\UABot\UAlbertaBot\VisualStudio\Release\UAlbertaBot.dll
C:\Users\David Yu\Documents\UABot\UAlbertaBot\VisualStudio\Release\UAlbertaBot.dll.lastcodeanalysissucceeded
