Build started 08/10/2014 10:22:43 PM.
     1>Project "C:\Users\David Yu\Documents\UABot\UAlbertaBot\VisualStudio\UAlbertaBot.vcxproj" on node 2 (Rebuild target(s)).
     1>ClCompile:
         c:\Program Files (x86)\Microsoft Visual Studio 9.0\VC\bin\CL.exe /c /I../Source /I"C:\BWAPI 3.7.4/include" /IC:\boost_1_56_0 /I/include /I/include /I/include/freetype2 /I/include /Zi /nologo /W3 /WX- /Ox /Ob2 /Oi /Ot /Oy- /GL /D CODE_ANALYSIS /D WIN32 /D NDEBUG /D _WINDOWS /D _USRDLL /D EXAMPLEAIMODULE_EXPORTS /D NOMINMAX /D _WINDLL /D _UNICODE /D UNICODE /Gm- /EHsc /MD /GS /Gy /fp:precise /Zc:wchar_t /Zc:forScope /Fo"Release\\" /Fd"Release\vc90.pdb" /Gd /TP /analyze /errorReport:prompt ..\Source\base\BuildLearner.cpp ..\Source\CombatSimulation.cpp ..\Source\MicroSearchManager.cpp ..\Source\base\BuildingData.cpp ..\Source\base\BuildingManager.cpp ..\Source\base\BuildingPlacer.cpp ..\Source\base\BuildOrderGoalManager.cpp ..\Source\base\BuildOrderQueue.cpp ..\Source\base\ProductionManager.cpp ..\Source\base\StarcraftBuildOrderSearchManager.cpp ..\Source\base\WorkerData.cpp ..\Source\base\WorkerManager.cpp ..\Source\CombatCommander.cpp ..\Source\Common.cpp ..\Source\Dll.cpp ..\Source\GameCommander.cpp ..\Source\HardCodedInfo.cpp ..\Source\InformationManager.cpp ..\Source\Logger.cpp ..\Source\MapGrid.cpp ..\Source\MapTools.cpp ..\Source\micromanagement\DetectorManager.cpp ..\Source\micromanagement\MeleeManager.cpp ..\Source\micromanagement\MicroManager.cpp ..\Source\micromanagement\MicroUtil.cpp ..\Source\micromanagement\ObserverManager.cpp ..\Source\micromanagement\RangedManager.cpp ..\Source\micromanagement\TransportManager.cpp ..\Source\Options.cpp ..\Source\ReplayVisualizer.cpp ..\Source\ScoutManager.cpp ..\Source\Squad.cpp ..\Source\SquadData.cpp ..\Source\StrategyManager.cpp ..\Source\UAlbertaBotModule.cpp ..\Source\UnitCommandData.cpp ..\Source\UnitCommandManager.cpp ..\Source\UnitData.cpp ..\Source\Visualizer.cpp
     1>cl : Command line warning D9040: ignoring option '/analyze'; Code Analysis warnings are not available in this edition of the compiler
         BuildLearner.cpp
         CombatSimulation.cpp
     1>..\Source\CombatSimulation.cpp(31): warning C4101: 'e' : unreferenced local variable
     1>..\Source\CombatSimulation.cpp(46): warning C4101: 'e' : unreferenced local variable
     1>..\Source\CombatSimulation.cpp(112): warning C4101: 'e' : unreferenced local variable
         MicroSearchManager.cpp
         BuildingData.cpp
         BuildingManager.cpp
         BuildingPlacer.cpp
         BuildOrderGoalManager.cpp
         BuildOrderQueue.cpp
         ProductionManager.cpp
         StarcraftBuildOrderSearchManager.cpp
         WorkerData.cpp
         WorkerManager.cpp
         CombatCommander.cpp
         Common.cpp
         Dll.cpp
         GameCommander.cpp
         HardCodedInfo.cpp
         InformationManager.cpp
         Logger.cpp
         MapGrid.cpp
         Compiling...
         MapTools.cpp
         DetectorManager.cpp
         MeleeManager.cpp
         MicroManager.cpp
         MicroUtil.cpp
         ObserverManager.cpp
         RangedManager.cpp
         TransportManager.cpp
         Options.cpp
         ReplayVisualizer.cpp
         ScoutManager.cpp
         Squad.cpp
         SquadData.cpp
         StrategyManager.cpp
         UAlbertaBotModule.cpp
     1>..\Source\UAlbertaBotModule.cpp(175): warning C4018: '<' : signed/unsigned mismatch
     1>..\Source\UAlbertaBotModule.cpp(186): warning C4018: '<' : signed/unsigned mismatch
         UnitCommandData.cpp
         UnitCommandManager.cpp
         UnitData.cpp
         Visualizer.cpp
       Link:
         c:\Program Files (x86)\Microsoft Visual Studio 9.0\VC\bin\link.exe /ERRORREPORT:PROMPT /OUT:"C:\Users\David Yu\Documents\UABot\UAlbertaBot\VisualStudio\Release\UAlbertaBot.dll" /INCREMENTAL:NO /NOLOGO "C:\BWAPI 3.7.4/lib/BWAPI.lib" "C:\BWAPI 3.7.4/lib/BWTA.lib" "C:\BWAPI 3.7.4/lib/tinyxml.lib" "C:\BWAPI 3.7.4/lib/CGAL-vc90-mt.lib" "C:\BWAPI 3.7.4/lib/libboost_thread-vc90-mt-1_40.lib" "C:\BWAPI 3.7.4/lib/gmp-vc90-mt.lib" "C:\BWAPI 3.7.4/lib/mpfr-vc90-mt.lib" ../../StarcraftBuildOrderSearch/VisualStudio/Release/StarCraftData.obj Release/SparCraft.lib /SDL.lib /SDLmain.lib /opengl32.lib /SDL_image.lib /SDL_gfx.lib kernel32.lib user32.lib gdi32.lib winspool.lib comdlg32.lib advapi32.lib shell32.lib ole32.lib oleaut32.lib uuid.lib odbc32.lib odbccp32.lib /MANIFEST /ManifestFile:"Release\UAlbertaBot.dll.intermediate.manifest" /MANIFESTUAC:"level='asInvoker' uiAccess='false'" /DEBUG /PDB:"C:\Users\David Yu\Documents\UABot\UAlbertaBot\VisualStudio\Release\UAlbertaBot.pdb" /MAP /SUBSYSTEM:WINDOWS /OPT:REF /OPT:ICF /LTCG /TLBID:1 /DYNAMICBASE /NXCOMPAT /MACHINE:X86 /DLL Release\BuildLearner.obj
         Release\CombatSimulation.obj
         Release\MicroSearchManager.obj
         Release\BuildingData.obj
         Release\BuildingManager.obj
         Release\BuildingPlacer.obj
         Release\BuildOrderGoalManager.obj
         Release\BuildOrderQueue.obj
         Release\ProductionManager.obj
         Release\StarcraftBuildOrderSearchManager.obj
         Release\WorkerData.obj
         Release\WorkerManager.obj
         Release\CombatCommander.obj
         Release\Common.obj
         Release\Dll.obj
         Release\GameCommander.obj
         Release\HardCodedInfo.obj
         Release\InformationManager.obj
         Release\Logger.obj
         Release\MapGrid.obj
         Release\MapTools.obj
         Release\DetectorManager.obj
         Release\MeleeManager.obj
         Release\MicroManager.obj
         Release\MicroUtil.obj
         Release\ObserverManager.obj
         Release\RangedManager.obj
         Release\TransportManager.obj
         Release\Options.obj
         Release\ReplayVisualizer.obj
         Release\ScoutManager.obj
         Release\Squad.obj
         Release\SquadData.obj
         Release\StrategyManager.obj
         Release\UAlbertaBotModule.obj
         Release\UnitCommandData.obj
         Release\UnitCommandManager.obj
         Release\UnitData.obj
         Release\Visualizer.obj
     1>LINK : warning LNK4044: unrecognized option '/SDL.lib'; ignored
     1>LINK : warning LNK4044: unrecognized option '/SDLmain.lib'; ignored
     1>LINK : warning LNK4044: unrecognized option '/opengl32.lib'; ignored
     1>LINK : warning LNK4044: unrecognized option '/SDL_image.lib'; ignored
     1>LINK : warning LNK4044: unrecognized option '/SDL_gfx.lib'; ignored
            Creating library C:\Users\David Yu\Documents\UABot\UAlbertaBot\VisualStudio\Release\UAlbertaBot.lib and object C:\Users\David Yu\Documents\UABot\UAlbertaBot\VisualStudio\Release\UAlbertaBot.exp
     1>LINK : warning LNK4098: defaultlib 'LIBCMT' conflicts with use of other libs; use /NODEFAULTLIB:library
         Generating code
         Finished generating code
         UAlbertaBot.vcxproj -> C:\Users\David Yu\Documents\UABot\UAlbertaBot\VisualStudio\Release\UAlbertaBot.dll
       Manifest:
         C:\Program Files\Microsoft SDKs\Windows\v6.0A\bin\mt.exe /nologo /verbose /outputresource:"C:\Users\David Yu\Documents\UABot\UAlbertaBot\VisualStudio\Release\UAlbertaBot.dll;#2" /manifest Release\UAlbertaBot.dll.intermediate.manifest
     1>Done Building Project "C:\Users\David Yu\Documents\UABot\UAlbertaBot\VisualStudio\UAlbertaBot.vcxproj" (Rebuild target(s)).

Build succeeded.

Time Elapsed 00:03:06.88
